2023-01-18 17:56:53 INFO  Login:31 - Enter Username :
  2023-01-18 17:56:57 INFO  Login:33 - Enter UserPassword :
  2023-01-18 17:57:02 INFO  Login:31 - Enter Username :
  2023-01-18 17:57:13 INFO  Login:33 - Enter UserPassword :
  2023-01-18 17:57:25 INFO  Login:57 - Welcome Recepationist Siri
  2023-01-18 20:35:02 INFO  Login:31 - Enter Username :
  2023-01-18 20:35:07 INFO  Login:33 - Enter UserPassword :
  2023-01-18 20:35:11 INFO  Login:57 - Welcome Recepationist Siri
  2023-01-18 20:36:21 INFO  Login:31 - Enter Username :
  2023-01-18 20:36:24 INFO  Login:33 - Enter UserPassword :
  2023-01-18 20:36:27 INFO  Login:57 - Welcome Recepationist Siri
  2023-01-18 20:37:55 INFO  Login:31 - Enter Username :
  2023-01-18 20:37:59 INFO  Login:33 - Enter UserPassword :
  2023-01-18 20:38:03 INFO  Login:57 - Welcome Recepationist Siri
  2023-01-18 21:28:52 INFO  Login:31 - Enter Username :
  2023-01-18 21:28:55 INFO  Login:33 - Enter UserPassword :
  2023-01-18 21:28:58 INFO  Login:57 - Welcome Recepationist Siri
  2023-01-18 21:42:09 INFO  Login:31 - Enter Username :
  2023-01-18 21:42:12 INFO  Login:33 - Enter UserPassword :
  2023-01-18 21:42:14 INFO  Login:31 - Enter Username :
  2023-01-18 21:42:18 INFO  Login:33 - Enter UserPassword :
  2023-01-18 21:42:21 INFO  Login:57 - Welcome Recepationist Siri
  2023-01-18 21:45:42 INFO  Login:31 - Enter Username :
  2023-01-18 21:45:45 INFO  Login:33 - Enter UserPassword :
  2023-01-18 21:45:47 INFO  Login:57 - Welcome Recepationist Siri
  2023-01-18 21:45:56 INFO  Login:31 - Enter Username :
  2023-01-18 21:45:58 INFO  Login:33 - Enter UserPassword :
  2023-01-18 21:46:00 INFO  Login:57 - Welcome Recepationist Siri
  2023-01-18 22:02:42 INFO  Login:31 - Enter Username :
  2023-01-18 22:02:44 INFO  Login:33 - Enter UserPassword :
  2023-01-18 22:02:47 INFO  Login:57 - Welcome Recepationist Siri
  2023-01-18 22:03:19 INFO  Login:31 - Enter Username :
  2023-01-18 22:04:46 INFO  Login:31 - Enter Username :
  2023-01-18 22:04:53 INFO  Login:33 - Enter UserPassword :
  2023-01-18 22:04:58 INFO  Login:57 - Welcome Recepationist Siri
  2023-01-18 22:05:25 INFO  Login:31 - Enter Username :
  2023-01-18 22:06:38 INFO  Login:31 - Enter Username :
  2023-01-18 22:06:42 INFO  Login:33 - Enter UserPassword :
  2023-01-18 22:06:46 INFO  Login:57 - Welcome Recepationist Siri
  2023-01-18 22:07:06 INFO  Login:31 - Enter Username :
  2023-01-18 22:12:09 INFO  Login:31 - Enter Username :
  2023-01-18 22:12:12 INFO  Login:33 - Enter UserPassword :
  2023-01-18 22:12:16 INFO  Login:57 - Welcome Recepationist Siri
  2023-01-18 22:17:13 INFO  Login:31 - Enter Username :
  2023-01-18 22:17:16 INFO  Login:33 - Enter UserPassword :
  2023-01-18 22:17:19 INFO  Login:57 - Welcome Recepationist Siri
  2023-01-18 22:17:35 INFO  Login:31 - Enter Username :
  2023-01-18 22:23:01 INFO  Login:31 - Enter Username :
  2023-01-18 22:23:05 INFO  Login:33 - Enter UserPassword :
  2023-01-18 22:23:10 INFO  Login:57 - Welcome Recepationist Siri
  2023-01-18 22:27:09 INFO  Login:31 - Enter Username :
  2023-01-18 22:28:59 INFO  Login:31 - Enter Username :
  2023-01-18 22:29:02 INFO  Login:33 - Enter UserPassword :
  2023-01-18 22:29:05 INFO  Login:57 - Welcome Recepationist Siri
  2023-01-18 22:31:21 INFO  Login:31 - Enter Username :
  2023-01-18 22:31:24 INFO  Login:33 - Enter UserPassword :
  2023-01-18 22:31:28 INFO  Login:57 - Welcome Recepationist Siri
  2023-01-18 22:50:59 INFO  Login:31 - Enter Username :
  2023-01-18 22:51:03 INFO  Login:33 - Enter UserPassword :
  2023-01-18 22:51:07 INFO  Login:57 - Welcome Recepationist Siri
  2023-01-18 23:06:41 INFO  Login:31 - Enter Username :
  2023-01-18 23:06:45 INFO  Login:33 - Enter UserPassword :
  2023-01-18 23:06:49 INFO  Login:57 - Welcome Recepationist Siri
  2023-01-18 23:07:43 INFO  Login:31 - Enter Username :
  2023-01-18 23:07:46 INFO  Login:33 - Enter UserPassword :
  2023-01-18 23:07:50 INFO  Login:57 - Welcome Recepationist Siri
  2023-01-18 23:08:30 INFO  Login:31 - Enter Username :
  2023-01-18 23:08:32 INFO  Login:33 - Enter UserPassword :
  2023-01-18 23:08:36 INFO  Login:57 - Welcome Recepationist Siri
  2023-01-18 23:10:16 INFO  Login:31 - Enter Username :
  2023-01-18 23:10:19 INFO  Login:33 - Enter UserPassword :
  2023-01-18 23:10:23 INFO  Login:57 - Welcome Recepationist Siri
  2023-01-18 23:11:22 INFO  Login:31 - Enter Username :
  2023-01-18 23:11:25 INFO  Login:33 - Enter UserPassword :
  2023-01-18 23:11:28 INFO  Login:31 - Enter Username :
  2023-01-18 23:11:31 INFO  Login:33 - Enter UserPassword :
  2023-01-18 23:11:34 INFO  Login:57 - Welcome Recepationist Siri
  2023-01-18 23:12:16 INFO  Login:31 - Enter Username :
  2023-01-18 23:12:19 INFO  Login:33 - Enter UserPassword :
  2023-01-18 23:12:22 INFO  Login:57 - Welcome Recepationist Siri
  2023-01-18 23:20:33 INFO  Login:31 - Enter Username :
  2023-01-18 23:20:35 INFO  Login:33 - Enter UserPassword :
  2023-01-18 23:20:38 INFO  Login:57 - Welcome Recepationist Siri
  2023-01-18 23:23:24 INFO  Login:31 - Enter Username :
  2023-01-18 23:23:27 INFO  Login:33 - Enter UserPassword :
  2023-01-18 23:23:29 INFO  Login:57 - Welcome Recepationist Siri
  2023-01-18 23:25:10 INFO  Login:31 - Enter Username :
  2023-01-18 23:25:13 INFO  Login:33 - Enter UserPassword :
  2023-01-18 23:25:15 INFO  Login:57 - Welcome Recepationist Siri
  2023-01-18 23:26:11 INFO  Login:31 - Enter Username :
  2023-01-18 23:26:13 INFO  Login:33 - Enter UserPassword :
  2023-01-18 23:26:15 INFO  Login:57 - Welcome Recepationist Siri
  2023-01-18 23:28:53 INFO  Login:31 - Enter Username :
  2023-01-18 23:28:55 INFO  Login:33 - Enter UserPassword :
  2023-01-18 23:28:59 INFO  Login:57 - Welcome Recepationist Siri
  2023-01-18 23:30:33 INFO  Login:31 - Enter Username :
  2023-01-18 23:30:36 INFO  Login:33 - Enter UserPassword :
  2023-01-18 23:30:39 INFO  Login:57 - Welcome Recepationist Siri
  2023-01-18 23:31:20 INFO  Login:31 - Enter Username :
  2023-01-18 23:31:23 INFO  Login:33 - Enter UserPassword :
  2023-01-18 23:31:26 INFO  Login:57 - Welcome Recepationist Siri
  2023-01-18 23:35:13 INFO  Login:31 - Enter Username :
  2023-01-18 23:35:16 INFO  Login:33 - Enter UserPassword :
  2023-01-18 23:35:19 INFO  Login:57 - Welcome Recepationist Siri
  2023-01-18 23:35:53 INFO  Login:31 - Enter Username :
  2023-01-18 23:35:56 INFO  Login:33 - Enter UserPassword :
  2023-01-18 23:36:01 INFO  Login:57 - Welcome Recepationist Siri
  2023-01-18 23:36:16 INFO  Login:31 - Enter Username :
  2023-01-18 23:36:18 INFO  Login:33 - Enter UserPassword :
  2023-01-18 23:36:23 INFO  Login:57 - Welcome Recepationist Siri
  2023-01-18 23:38:10 INFO  Login:31 - Enter Username :
  2023-01-18 23:38:14 INFO  Login:33 - Enter UserPassword :
  2023-01-18 23:38:18 INFO  Login:57 - Welcome Recepationist Siri
  2023-01-18 23:39:15 INFO  Login:31 - Enter Username :
  2023-01-18 23:39:18 INFO  Login:33 - Enter UserPassword :
  2023-01-18 23:39:21 INFO  Login:57 - Welcome Recepationist Siri
  2023-01-18 23:39:48 INFO  Login:31 - Enter Username :
  2023-01-18 23:39:50 INFO  Login:33 - Enter UserPassword :
  2023-01-18 23:39:54 INFO  Login:57 - Welcome Recepationist Siri
  2023-01-18 23:41:34 INFO  Login:31 - Enter Username :
  2023-01-18 23:41:36 INFO  Login:33 - Enter UserPassword :
  2023-01-18 23:41:39 INFO  Login:57 - Welcome Recepationist Siri
  2023-01-18 23:43:36 INFO  Login:31 - Enter Username :
  2023-01-18 23:43:37 INFO  Login:33 - Enter UserPassword :
  2023-01-18 23:43:41 INFO  Login:57 - Welcome Recepationist Siri
  2023-01-18 23:48:49 INFO  Login:31 - Enter Username :
  2023-01-18 23:48:52 INFO  Login:33 - Enter UserPassword :
  2023-01-18 23:48:55 INFO  Login:57 - Welcome Recepationist Siri
  2023-01-18 23:49:06 INFO  Login:31 - Enter Username :
  2023-01-18 23:49:08 INFO  Login:33 - Enter UserPassword :
  2023-01-18 23:49:10 INFO  Login:57 - Welcome Recepationist Siri
  2023-01-18 23:50:43 INFO  Login:31 - Enter Username :
  2023-01-18 23:50:45 INFO  Login:33 - Enter UserPassword :
  2023-01-18 23:50:48 INFO  Login:57 - Welcome Recepationist Siri
  2023-01-18 23:51:32 INFO  Login:31 - Enter Username :
  2023-01-18 23:51:39 INFO  Login:31 - Enter Username :
  2023-01-18 23:51:40 INFO  Login:33 - Enter UserPassword :
  2023-01-18 23:51:42 INFO  Login:57 - Welcome Recepationist Siri
  2023-01-18 23:56:18 INFO  Login:31 - Enter Username :
  2023-01-18 23:56:20 INFO  Login:33 - Enter UserPassword :
  2023-01-18 23:56:23 INFO  Login:57 - Welcome Recepationist Siri
  2023-01-18 23:57:23 INFO  Login:31 - Enter Username :
  2023-01-18 23:57:25 INFO  Login:33 - Enter UserPassword :
  2023-01-18 23:57:28 INFO  Login:57 - Welcome Recepationist Siri
  2023-01-18 23:58:17 INFO  Login:31 - Enter Username :
  2023-01-18 23:58:19 INFO  Login:33 - Enter UserPassword :
  2023-01-18 23:58:22 INFO  Login:57 - Welcome Recepationist Siri
  2023-01-18 23:58:55 INFO  Login:31 - Enter Username :
  2023-01-18 23:58:56 INFO  Login:33 - Enter UserPassword :
  2023-01-18 23:58:59 INFO  Login:57 - Welcome Recepationist Siri
  2023-01-18 23:59:27 INFO  Login:31 - Enter Username :
  2023-01-18 23:59:28 INFO  Login:33 - Enter UserPassword :
  2023-01-18 23:59:30 INFO  Login:57 - Welcome Recepationist Siri
  2023-01-18 23:59:50 INFO  Login:31 - Enter Username :
  2023-01-18 23:59:52 INFO  Login:33 - Enter UserPassword :
  2023-01-18 23:59:54 INFO  Login:57 - Welcome Recepationist Siri
  2023-01-19 00:01:36 INFO  Login:31 - Enter Username :
  2023-01-19 00:01:39 INFO  Login:33 - Enter UserPassword :
  2023-01-19 00:01:41 INFO  Login:57 - Welcome Recepationist Siri
  2023-01-19 00:02:15 INFO  Login:31 - Enter Username :
  2023-01-19 00:02:16 INFO  Login:33 - Enter UserPassword :
  2023-01-19 00:02:19 INFO  Login:57 - Welcome Recepationist Siri
  2023-01-19 01:12:23 INFO  Login:31 - Enter Username :
  2023-01-19 01:13:29 INFO  Login:31 - Enter Username :
  2023-01-19 01:14:30 INFO  Login:31 - 
Enter Username :
  2023-01-19 01:14:38 INFO  Login:33 - 
Enter UserPassword :
  2023-01-19 01:14:42 INFO  Login:31 - 
Enter Username :
  2023-01-19 01:14:48 INFO  Login:33 - 
Enter UserPassword :
  2023-01-19 01:14:53 INFO  Login:57 - Welcome Recepationist Siri
  2023-01-19 10:23:30 INFO  Login:31 - 
Enter Username :
  2023-01-19 10:23:33 INFO  Login:33 - 
Enter UserPassword :
  2023-01-19 10:23:36 INFO  Login:57 - 
Welcome Recepationist Siri
  2023-01-19 10:24:41 INFO  Login:31 - 
Enter Username :
  2023-01-19 10:24:45 INFO  Login:33 - 
Enter UserPassword :
  2023-01-19 10:24:48 INFO  Login:57 - 
Welcome Recepationist Siri
  2023-01-19 10:25:27 INFO  Login:31 - 
Enter Username :
  2023-01-19 10:25:29 INFO  Login:33 - 
Enter UserPassword :
  2023-01-19 10:25:32 INFO  Login:57 - 
Welcome Recepationist Siri
  2023-01-19 10:25:54 INFO  Login:31 - 
Enter Username :
  2023-01-19 10:25:56 INFO  Login:33 - 
Enter UserPassword :
  2023-01-19 10:25:59 INFO  Login:57 - 
Welcome Recepationist Siri
  2023-01-19 10:26:24 INFO  Login:31 - 
Enter Username :
  2023-01-19 10:26:26 INFO  Login:33 - 
Enter UserPassword :
  2023-01-19 10:26:28 INFO  Login:57 - 
Welcome Recepationist Siri
  2023-01-19 10:30:08 INFO  Login:31 - 
Enter Username :
  2023-01-19 10:30:08 INFO  Login:33 - 
Enter UserPassword :
  2023-01-19 10:30:11 INFO  Login:57 - 
Welcome Recepationist Siri
  2023-01-19 10:30:36 INFO  Login:31 - 
Enter Username :
  2023-01-19 10:30:36 INFO  Login:33 - 
Enter UserPassword :
  2023-01-19 10:30:39 INFO  Login:57 - 
Welcome Recepationist Siri
  2023-01-19 10:31:01 INFO  Login:31 - 
Enter Username :
  2023-01-19 10:31:02 INFO  Login:33 - 
Enter UserPassword :
  2023-01-19 10:31:04 INFO  Login:57 - 
Welcome Recepationist Siri
  2023-01-19 10:32:09 INFO  Login:31 - 
Enter Username :
  2023-01-19 10:32:10 INFO  Login:33 - 
Enter UserPassword :
  2023-01-19 10:32:12 INFO  Login:57 - 
Welcome Recepationist Siri
  2023-01-19 10:32:40 INFO  Login:31 - 
Enter Username :
  2023-01-19 10:32:40 INFO  Login:33 - 
Enter UserPassword :
  2023-01-19 10:32:43 INFO  Login:57 - 
Welcome Recepationist Siri
  2023-01-19 10:33:11 INFO  Login:31 - 
Enter Username :
  2023-01-19 10:33:12 INFO  Login:33 - 
Enter UserPassword :
  2023-01-19 10:33:14 INFO  Login:57 - 
Welcome Recepationist Siri
  2023-01-19 10:33:43 INFO  Login:31 - 
Enter Username :
  2023-01-19 10:33:44 INFO  Login:33 - 
Enter UserPassword :
  2023-01-19 10:33:46 INFO  Login:57 - 
Welcome Recepationist Siri
  2023-01-19 10:34:25 INFO  Login:31 - 
Enter Username :
  2023-01-19 10:34:26 INFO  Login:33 - 
Enter UserPassword :
  2023-01-19 10:34:29 INFO  Login:57 - 
Welcome Recepationist Siri
  2023-01-19 10:34:49 INFO  Login:31 - 
Enter Username :
  2023-01-19 10:34:50 INFO  Login:33 - 
Enter UserPassword :
  2023-01-19 10:34:52 INFO  Login:57 - 
Welcome Recepationist Siri
  2023-01-19 10:35:09 INFO  Login:31 - 
Enter Username :
  2023-01-19 10:35:10 INFO  Login:33 - 
Enter UserPassword :
  2023-01-19 10:35:12 INFO  Login:57 - 
Welcome Recepationist Siri
  2023-01-19 10:35:30 INFO  Login:31 - 
Enter Username :
  2023-01-19 10:35:30 INFO  Login:33 - 
Enter UserPassword :
  2023-01-19 10:35:32 INFO  Login:57 - 
Welcome Recepationist Siri
  2023-01-19 10:35:58 INFO  Login:31 - 
Enter Username :
  2023-01-19 10:36:00 INFO  Login:33 - 
Enter UserPassword :
  2023-01-19 10:36:02 INFO  Login:57 - 
Welcome Recepationist Siri
  2023-01-19 10:36:49 INFO  Login:31 - 
Enter Username :
  2023-01-19 10:36:50 INFO  Login:33 - 
Enter UserPassword :
  2023-01-19 10:36:52 INFO  Login:57 - 
Welcome Recepationist Siri
  2023-01-19 10:37:06 INFO  Login:31 - 
Enter Username :
  2023-01-19 10:37:08 INFO  Login:33 - 
Enter UserPassword :
  2023-01-19 10:37:10 INFO  Login:57 - 
Welcome Recepationist Siri
  2023-01-19 10:37:31 INFO  Login:31 - 
Enter Username :
  2023-01-19 10:37:33 INFO  Login:33 - 
Enter UserPassword :
  2023-01-19 10:37:36 INFO  Login:57 - 
Welcome Recepationist Siri
  2023-01-19 10:38:07 INFO  Login:31 - 
Enter Username :
  2023-01-19 10:38:08 INFO  Login:33 - 
Enter UserPassword :
  2023-01-19 10:38:11 INFO  Login:57 - 
Welcome Recepationist Siri
  2023-01-19 10:38:46 INFO  Login:31 - 
Enter Username :
  2023-01-19 10:38:46 INFO  Login:33 - 
Enter UserPassword :
  2023-01-19 10:38:48 INFO  Login:57 - 
Welcome Recepationist Siri
  2023-01-19 10:39:10 INFO  Login:31 - 
Enter Username :
  2023-01-19 10:39:10 INFO  Login:33 - 
Enter UserPassword :
  2023-01-19 10:39:12 INFO  Login:57 - 
Welcome Recepationist Siri
  2023-01-19 10:39:31 INFO  Login:31 - 
Enter Username :
  2023-01-19 10:39:32 INFO  Login:33 - 
Enter UserPassword :
  2023-01-19 10:39:34 INFO  Login:57 - 
Welcome Recepationist Siri
  2023-01-19 11:25:23 INFO  Login:32 - 
Enter Username :
  2023-01-19 11:25:25 INFO  Login:34 - 
Enter UserPassword :
  2023-01-19 11:25:27 INFO  Login:58 - 
Welcome Recepationist Siri
  2023-01-19 11:30:56 INFO  Login:32 - 
Enter Username :
  2023-01-19 12:39:21 INFO  LoginService:32 - 
Enter Username :
  2023-01-19 12:39:24 INFO  LoginService:34 - 
Enter UserPassword :
  2023-01-19 12:39:26 INFO  LoginService:32 - 
Enter Username :
  2023-01-19 12:39:30 INFO  LoginService:34 - 
Enter UserPassword :
  2023-01-19 12:39:33 INFO  LoginService:58 - 
Welcome Recepationist Siri
  2023-01-19 14:13:56 INFO  LoginService:33 - 
Enter Username :
  2023-01-19 14:13:58 INFO  LoginService:35 - 
Enter UserPassword :
  2023-01-19 14:14:01 INFO  LoginService:59 - 
Welcome Recepationist Siri
  2023-01-19 16:41:25 INFO  LoginService:33 - 
Enter Username :
  2023-01-19 16:41:27 INFO  LoginService:35 - 
Enter UserPassword :
  2023-01-19 16:41:30 INFO  LoginService:59 - 
Welcome Recepationist Siri
  2023-01-19 16:48:00 INFO  LoginService:33 - 
Enter Username :
  2023-01-19 16:48:03 INFO  LoginService:35 - 
Enter UserPassword :
  2023-01-19 16:48:06 INFO  LoginService:59 - 
Welcome Recepationist Siri
  2023-01-19 16:48:38 ERROR AppointmentService:181 - java.sql.SQLException: Incorrect DATE value: 'null'
  2023-01-19 16:50:48 INFO  LoginService:33 - 
Enter Username :
  2023-01-19 16:50:50 INFO  LoginService:35 - 
Enter UserPassword :
  2023-01-19 16:50:52 INFO  LoginService:59 - 
Welcome Recepationist Siri
  2023-01-19 17:30:28 INFO  LoginService:33 - 
Enter Username :
  2023-01-19 17:30:31 INFO  LoginService:35 - 
Enter UserPassword :
  2023-01-19 17:30:34 INFO  LoginService:59 - 
Welcome Recepationist Siri
  2023-01-19 17:35:33 INFO  LoginService:33 - 
Enter Username :
  2023-01-19 17:35:35 INFO  LoginService:35 - 
Enter UserPassword :
  2023-01-19 17:35:37 INFO  LoginService:33 - 
Enter Username :
  2023-01-19 17:35:39 INFO  LoginService:35 - 
Enter UserPassword :
  2023-01-19 17:35:42 INFO  LoginService:59 - 
Welcome Recepationist Siri
  2023-01-19 17:35:44 INFO  AppointmentService:224 - ID   NAME               Experience Fee        SPECIALITY           SPECIALITY
  2023-01-19 17:35:44 INFO  AppointmentService:228 - 1    ShirishDeshpande   12           450          MBBS         GeneralPhysician  
  2023-01-19 17:35:44 INFO  AppointmentService:228 - 2    DilipBhurte        24           600          MBBS, MD     orthipadic        
  2023-01-19 17:35:44 INFO  AppointmentService:228 - 3    Shirishvalsangkar  16           500          MBBS MD      Neuro Surgon      
  2023-01-19 17:35:44 INFO  AppointmentService:228 - 4    SaumyaAwasti       5            300          MBBS         Gynacologist      
  2023-01-19 17:35:44 INFO  AppointmentService:228 - 5    VinayTripathi      21           700          MBBS, MD     Ortho Surgeon     
  2023-01-19 17:35:44 INFO  AppointmentService:228 - 6    Niharkale          12           450          MBBS         Psychiatrist      
  2023-01-19 17:36:53 INFO  LoginService:33 - 
Enter Username :
  2023-01-19 17:36:57 INFO  LoginService:35 - 
Enter UserPassword :
  2023-01-19 17:37:01 INFO  LoginService:59 - 
Welcome Recepationist Siri
  2023-01-19 17:37:03 INFO  AppointmentService:258 - 
ID   Name      Age    Phone   Gender    Address   Appointment_date      Time_slot   Ailment_Symptoms    Doctor_Name   Doctor_fee       Status
  2023-01-19 17:37:10 INFO  AppointmentService:224 - 
ID   NAME               Experience Fee        SPECIALITY           SPECIALITY
  2023-01-19 17:37:10 INFO  AppointmentService:228 - 1    ShirishDeshpande   12           450          MBBS         GeneralPhysician  
  2023-01-19 17:37:10 INFO  AppointmentService:228 - 2    DilipBhurte        24           600          MBBS, MD     orthipadic        
  2023-01-19 17:37:10 INFO  AppointmentService:228 - 3    Shirishvalsangkar  16           500          MBBS MD      Neuro Surgon      
  2023-01-19 17:37:10 INFO  AppointmentService:228 - 4    SaumyaAwasti       5            300          MBBS         Gynacologist      
  2023-01-19 17:37:10 INFO  AppointmentService:228 - 5    VinayTripathi      21           700          MBBS, MD     Ortho Surgeon     
  2023-01-19 17:37:10 INFO  AppointmentService:228 - 6    Niharkale          12           450          MBBS         Psychiatrist      
  2023-01-19 17:38:14 INFO  LoginService:33 - 
Enter Username :
  2023-01-19 17:38:16 INFO  LoginService:35 - 
Enter UserPassword :
  2023-01-19 17:38:19 INFO  LoginService:59 - 
Welcome Recepationist Siri
  2023-01-19 17:38:21 INFO  AppointmentService:224 - 
ID   NAME               Experience Fee        SPECIALITY           SPECIALITY
  2023-01-19 17:38:21 INFO  AppointmentService:228 - 1    ShirishDeshpande   12           450          MBBS         GeneralPhysician  
  2023-01-19 17:38:21 INFO  AppointmentService:228 - 2    DilipBhurte        24           600          MBBS, MD     orthipadic        
  2023-01-19 17:38:21 INFO  AppointmentService:228 - 3    Shirishvalsangkar  16           500          MBBS MD      Neuro Surgon      
  2023-01-19 17:38:21 INFO  AppointmentService:228 - 4    SaumyaAwasti       5            300          MBBS         Gynacologist      
  2023-01-19 17:38:21 INFO  AppointmentService:228 - 5    VinayTripathi      21           700          MBBS, MD     Ortho Surgeon     
  2023-01-19 17:38:21 INFO  AppointmentService:228 - 6    Niharkale          12           450          MBBS         Psychiatrist      
  2023-01-19 17:39:07 INFO  LoginService:33 - 
Enter Username :
  2023-01-19 17:39:07 INFO  LoginService:35 - 
Enter UserPassword :
  2023-01-19 17:39:09 INFO  LoginService:59 - 
Welcome Recepationist Siri
  2023-01-19 17:39:13 INFO  AppointmentService:224 - 
ID   NAME               Experience Fee        SPECIALITY           SPECIALITY
  2023-01-19 17:39:13 INFO  AppointmentService:228 - 
1    ShirishDeshpande   12           450          MBBS         GeneralPhysician  
  2023-01-19 17:39:13 INFO  AppointmentService:228 - 
2    DilipBhurte        24           600          MBBS, MD     orthipadic        
  2023-01-19 17:39:13 INFO  AppointmentService:228 - 
3    Shirishvalsangkar  16           500          MBBS MD      Neuro Surgon      
  2023-01-19 17:39:13 INFO  AppointmentService:228 - 
4    SaumyaAwasti       5            300          MBBS         Gynacologist      
  2023-01-19 17:39:13 INFO  AppointmentService:228 - 
5    VinayTripathi      21           700          MBBS, MD     Ortho Surgeon     
  2023-01-19 17:39:13 INFO  AppointmentService:228 - 
6    Niharkale          12           450          MBBS         Psychiatrist      
  2023-01-19 17:41:10 INFO  LoginService:33 - 
Enter Username :
  2023-01-19 17:41:12 INFO  LoginService:35 - 
Enter UserPassword :
  2023-01-19 17:41:15 INFO  LoginService:59 - 
Welcome Recepationist Siri
  2023-01-19 17:41:18 INFO  AppointmentService:224 - 
ID   NAME               Experience Fee        SPECIALITY           SPECIALITY
  2023-01-19 17:41:18 INFO  AppointmentService:228 - 
1    ShirishDeshpande   12           450          MBBS         GeneralPhysician  
  2023-01-19 17:41:18 INFO  AppointmentService:228 - 
2    DilipBhurte        24           600          MBBS, MD     orthipadic        
  2023-01-19 17:41:18 INFO  AppointmentService:228 - 
3    Shirishvalsangkar  16           500          MBBS MD      Neuro Surgon      
  2023-01-19 17:41:18 INFO  AppointmentService:228 - 
4    SaumyaAwasti       5            300          MBBS         Gynacologist      
  2023-01-19 17:41:18 INFO  AppointmentService:228 - 
5    VinayTripathi      21           700          MBBS, MD     Ortho Surgeon     
  2023-01-19 17:41:18 INFO  AppointmentService:228 - 
6    Niharkale          12           450          MBBS         Psychiatrist      
  2023-01-19 17:41:51 INFO  LoginService:33 - 
Enter Username :
  2023-01-19 17:41:53 INFO  LoginService:35 - 
Enter UserPassword :
  2023-01-19 17:41:55 INFO  LoginService:59 - 
Welcome Recepationist Siri
  2023-01-19 17:41:57 INFO  AppointmentService:224 - 
ID   NAME               Experience Fee        SPECIALITY           SPECIALITY
  2023-01-19 17:41:57 INFO  AppointmentService:228 - 
1    ShirishDeshpande   12           450          MBBS         GeneralPhysician  
  2023-01-19 17:41:57 INFO  AppointmentService:228 - 
2    DilipBhurte        24           600          MBBS, MD     orthipadic        
  2023-01-19 17:41:57 INFO  AppointmentService:228 - 
3    Shirishvalsangkar  16           500          MBBS MD      Neuro Surgon      
  2023-01-19 17:41:57 INFO  AppointmentService:228 - 
4    SaumyaAwasti       5            300          MBBS         Gynacologist      
  2023-01-19 17:41:57 INFO  AppointmentService:228 - 
5    VinayTripathi      21           700          MBBS, MD     Ortho Surgeon     
  2023-01-19 17:41:57 INFO  AppointmentService:228 - 
6    Niharkale          12           450          MBBS         Psychiatrist      
  2023-01-19 17:43:07 INFO  LoginService:33 - 
Enter Username :
  2023-01-19 17:43:10 INFO  LoginService:35 - 
Enter UserPassword :
  2023-01-19 17:43:15 INFO  LoginService:59 - 
Welcome Recepationist Siri
  2023-01-19 17:43:23 INFO  AppointmentService:224 - 
ID   NAME               Experience Fee        SPECIALITY           SPECIALITY
  2023-01-19 17:43:23 INFO  AppointmentService:228 - 
1    ShirishDeshpande   12           450          MBBS         GeneralPhysician  
  2023-01-19 17:43:23 INFO  AppointmentService:228 - 
2    DilipBhurte        24           600          MBBS, MD     orthipadic        
  2023-01-19 17:43:23 INFO  AppointmentService:228 - 
3    Shirishvalsangkar  16           500          MBBS MD      Neuro Surgon      
  2023-01-19 17:43:23 INFO  AppointmentService:228 - 
4    SaumyaAwasti       5            300          MBBS         Gynacologist      
  2023-01-19 17:43:23 INFO  AppointmentService:228 - 
5    VinayTripathi      21           700          MBBS, MD     Ortho Surgeon     
  2023-01-19 17:43:23 INFO  AppointmentService:228 - 
6    Niharkale          12           450          MBBS         Psychiatrist      
  2023-01-19 17:53:12 INFO  LoginService:33 - 
Enter Username :
  2023-01-19 17:53:15 INFO  LoginService:35 - 
Enter UserPassword :
  2023-01-19 17:53:17 INFO  LoginService:59 - 
Welcome Recepationist Siri
  2023-01-19 17:53:20 INFO  AppointmentService:224 - 
ID   NAME               Experience Fee        SPECIALITY           SPECIALITY
  2023-01-19 17:53:20 INFO  AppointmentService:228 - 1    ShirishDeshpande   12           450          MBBS         GeneralPhysician  
  2023-01-19 17:53:20 INFO  AppointmentService:228 - 2    DilipBhurte        24           600          MBBS, MD     orthipadic        
  2023-01-19 17:53:20 INFO  AppointmentService:228 - 3    Shirishvalsangkar  16           500          MBBS MD      Neuro Surgon      
  2023-01-19 17:53:20 INFO  AppointmentService:228 - 4    SaumyaAwasti       5            300          MBBS         Gynacologist      
  2023-01-19 17:53:20 INFO  AppointmentService:228 - 5    VinayTripathi      21           700          MBBS, MD     Ortho Surgeon     
  2023-01-19 17:53:20 INFO  AppointmentService:228 - 6    Niharkale          12           450          MBBS         Psychiatrist      
  2023-01-19 17:56:02 INFO  AppointmentService:258 - 
ID   Name      Age    Phone   Gender    Address   Appointment_date      Time_slot   Ailment_Symptoms    Doctor_Name   Doctor_fee       Status
  2023-01-19 17:56:02 INFO  AppointmentService:263 - 
2     ram       50    98525        M       gjjh         2023-01-23       '9:30AM'                jgj      Niharkale          450    Conformed
  2023-01-19 17:56:02 INFO  AppointmentService:263 - 
14   Erisha       45   123654        M        frf         2023-01-22       '9:30AM'               rgar ShirishDeshpande          450    Conformed
  2023-01-19 17:56:02 INFO  AppointmentService:263 - 
3     SAI       25     5624        M        goa         2023-01-24       '9:30AM'                 ds Shirishvalsangkar          500    Conformed
  2023-01-19 17:56:02 INFO  AppointmentService:263 - 
15   Fdhdhh       51     4544        M         vd         2023-01-24      '10:30AM'              vsfvf    DilipBhurte          600    Conformed
  2023-01-19 20:16:46 INFO  LoginService:33 - 
Enter Username :
  2023-01-19 20:16:48 INFO  LoginService:35 - 
Enter UserPassword :
  2023-01-19 20:16:51 INFO  LoginService:59 - 
Welcome Recepationist Siri
  2023-01-19 20:16:57 INFO  AppointmentService:224 - ID   NAME               Experience Fee        SPECIALITY           SPECIALITY
  2023-01-19 20:16:57 INFO  AppointmentService:228 - 1    ShirishDeshpande   12           450          MBBS         GeneralPhysician  
  2023-01-19 20:16:57 INFO  AppointmentService:228 - 2    DilipBhurte        24           600          MBBS, MD     orthipadic        
  2023-01-19 20:16:57 INFO  AppointmentService:228 - 3    Shirishvalsangkar  16           500          MBBS MD      Neuro Surgon      
  2023-01-19 20:16:57 INFO  AppointmentService:228 - 4    SaumyaAwasti       5            300          MBBS         Gynacologist      
  2023-01-19 20:16:57 INFO  AppointmentService:228 - 5    VinayTripathi      21           700          MBBS, MD     Ortho Surgeon     
  2023-01-19 20:16:57 INFO  AppointmentService:228 - 6    Niharkale          12           450          MBBS         Psychiatrist      
  2023-01-19 20:23:41 INFO  AppointmentService:39 - Select for the options :
  2023-01-19 20:24:17 INFO  LoginService:33 - 
Enter Username :
  2023-01-19 20:24:19 INFO  LoginService:35 - 
Enter UserPassword :
  2023-01-19 20:24:21 INFO  LoginService:59 - 
Welcome Recepationist Siri
  2023-01-19 20:24:24 INFO  AppointmentService:224 - ID   NAME               Experience Fee        SPECIALITY           SPECIALITY
  2023-01-19 20:24:24 INFO  AppointmentService:228 - 1    ShirishDeshpande   12            450         MBBS         GeneralPhysician  
  2023-01-19 20:24:24 INFO  AppointmentService:228 - 2    DilipBhurte        24            600         MBBS, MD     orthipadic        
  2023-01-19 20:24:24 INFO  AppointmentService:228 - 3    Shirishvalsangkar  16            500         MBBS MD      Neuro Surgon      
  2023-01-19 20:24:24 INFO  AppointmentService:228 - 4    SaumyaAwasti       5             300         MBBS         Gynacologist      
  2023-01-19 20:24:24 INFO  AppointmentService:228 - 5    VinayTripathi      21            700         MBBS, MD     Ortho Surgeon     
  2023-01-19 20:24:24 INFO  AppointmentService:228 - 6    Niharkale          12            450         MBBS         Psychiatrist      
  2023-01-19 20:25:17 INFO  LoginService:33 - 
Enter Username :
  2023-01-19 20:25:18 INFO  LoginService:35 - 
Enter UserPassword :
  2023-01-19 20:25:22 INFO  LoginService:59 - 
Welcome Recepationist Siri
  2023-01-19 20:25:23 INFO  AppointmentService:224 - ID   NAME               Experience Fee        SPECIALITY           SPECIALITY
  2023-01-19 20:25:23 INFO  AppointmentService:228 - 1    ShirishDeshpande   12              450       MBBS         GeneralPhysician  
  2023-01-19 20:25:23 INFO  AppointmentService:228 - 2    DilipBhurte        24              600       MBBS, MD     orthipadic        
  2023-01-19 20:25:23 INFO  AppointmentService:228 - 3    Shirishvalsangkar  16              500       MBBS MD      Neuro Surgon      
  2023-01-19 20:25:23 INFO  AppointmentService:228 - 4    SaumyaAwasti       5               300       MBBS         Gynacologist      
  2023-01-19 20:25:23 INFO  AppointmentService:228 - 5    VinayTripathi      21              700       MBBS, MD     Ortho Surgeon     
  2023-01-19 20:25:23 INFO  AppointmentService:228 - 6    Niharkale          12              450       MBBS         Psychiatrist      
  2023-01-19 20:26:13 INFO  LoginService:33 - 
Enter Username :
  2023-01-19 20:26:14 INFO  LoginService:35 - 
Enter UserPassword :
  2023-01-19 20:26:16 INFO  LoginService:59 - 
Welcome Recepationist Siri
  2023-01-19 20:26:18 INFO  AppointmentService:224 - ID   NAME               Experience     Fee    SPECIALITY           SPECIALITY
  2023-01-19 20:26:18 INFO  AppointmentService:228 - 1    ShirishDeshpande   12           450          MBBS         GeneralPhysician  
  2023-01-19 20:26:18 INFO  AppointmentService:228 - 2    DilipBhurte        24           600          MBBS, MD     orthipadic        
  2023-01-19 20:26:18 INFO  AppointmentService:228 - 3    Shirishvalsangkar  16           500          MBBS MD      Neuro Surgon      
  2023-01-19 20:26:18 INFO  AppointmentService:228 - 4    SaumyaAwasti       5            300          MBBS         Gynacologist      
  2023-01-19 20:26:18 INFO  AppointmentService:228 - 5    VinayTripathi      21           700          MBBS, MD     Ortho Surgeon     
  2023-01-19 20:26:18 INFO  AppointmentService:228 - 6    Niharkale          12           450          MBBS         Psychiatrist      
  2023-01-19 20:26:47 INFO  AppointmentService:258 - ID   Name      Age    Phone   Gender    Address   Appointment_date      Time_slot   Ailment_Symptoms    Doctor_Name   Doctor_fee       Status
  2023-01-19 20:26:47 INFO  AppointmentService:263 - 2     ram       50    98525        M       gjjh         2023-01-23       '9:30AM'                jgj      Niharkale          450    Conformed
  2023-01-19 20:26:47 INFO  AppointmentService:263 - 14   Erisha       45   123654        M        frf         2023-01-22       '9:30AM'               rgar ShirishDeshpande          450    Conformed
  2023-01-19 20:26:47 INFO  AppointmentService:263 - 3     SAI       25     5624        M        goa         2023-01-24       '9:30AM'                 ds Shirishvalsangkar          500    Conformed
  2023-01-19 20:26:47 INFO  AppointmentService:263 - 15   Fdhdhh       51     4544        M         vd         2023-01-24      '10:30AM'              vsfvf    DilipBhurte          600    Conformed
  2023-01-19 20:27:20 INFO  AppointmentService:63 - 
1    RAm                efsfs@sd    52236 36           54555             
  2023-01-19 20:27:20 INFO  AppointmentService:63 - 
2    ram                vhjhv@fghjk    98525 50           krishna           
  2023-01-19 20:27:20 INFO  AppointmentService:63 - 
3    SAI                   ABC     5624 25           RAM               
  2023-01-19 20:27:20 INFO  AppointmentService:63 - 
4    ram                   abc     4562 45           sai               
  2023-01-19 20:27:20 INFO  AppointmentService:63 - 
5    ram                  sjba       52 42           ram               
  2023-01-19 20:27:20 INFO  AppointmentService:63 - 
6    ram                ads@wd      857 45           kri               
  2023-01-19 20:27:20 INFO  AppointmentService:63 - 
7    gd                 hddr@ryht      525 45           ram               
  2023-01-19 20:27:20 INFO  AppointmentService:63 - 
8    eede               dsfr@dwe   74446e 74           123               
  2023-01-19 20:27:20 INFO  AppointmentService:63 - 
9    aakash             aakash@gmail.com    49782 42           ram               
  2023-01-19 20:27:20 INFO  AppointmentService:63 - 
10   ramu               vsf@efwef    88225 45           abc123            
  2023-01-19 20:27:20 INFO  AppointmentService:63 - 
11   Abhi               dsd@daef      452 12           dsad123           
  2023-01-19 20:27:20 INFO  AppointmentService:63 - 
12   Raki               ajsddj@hkwd    45685 45           raki              
  2023-01-19 20:27:20 INFO  AppointmentService:63 - 
13   Raki1              kwdnk@kwd    45694 45           1234ss            
  2023-01-19 20:27:20 INFO  AppointmentService:63 - 
14   Erisha             eeria@khksd   123654 45           123ra             
  2023-01-19 20:27:20 INFO  AppointmentService:63 - 
15   Fdhdhh             hdghdh@gdh     4544 51           ram42             
  2023-01-19 20:27:20 INFO  AppointmentService:63 - 
16   Dgagdj             sfh@fejk     6364 45           ram456            
  2023-01-19 20:27:20 INFO  AppointmentService:63 - 
17   Eresha             eresha9992@gmail.com 7337720391 21           eresha1234        
  2023-01-19 20:27:20 INFO  AppointmentService:63 - 
18   Fjsdk              gsr@rgsr     g525 52           aaa123            
  2023-01-19 20:37:41 INFO  LoginService:33 - 
Enter Username :
  2023-01-19 20:37:42 INFO  LoginService:35 - 
Enter UserPassword :
  2023-01-19 20:37:45 INFO  LoginService:59 - 
Welcome Recepationist Siri
  2023-01-19 20:38:17 INFO  LoginService:33 - 
Enter Username :
  2023-01-19 20:38:19 INFO  LoginService:35 - 
Enter UserPassword :
  2023-01-19 20:38:23 INFO  LoginService:59 - 
Welcome Recepationist Siri
  2023-01-19 20:38:27 INFO  AppointmentService:63 - 1    RAm          efsfs@sd 52236        36                
  2023-01-19 20:38:27 INFO  AppointmentService:63 - 2    ram          vhjhv@fghjk 98525        50                
  2023-01-19 20:38:27 INFO  AppointmentService:63 - 3    SAI               ABC 5624         25                
  2023-01-19 20:38:27 INFO  AppointmentService:63 - 4    ram               abc 4562         45                
  2023-01-19 20:38:27 INFO  AppointmentService:63 - 5    ram              sjba 52           42                
  2023-01-19 20:38:27 INFO  AppointmentService:63 - 6    ram            ads@wd 857          45                
  2023-01-19 20:38:27 INFO  AppointmentService:63 - 7    gd           hddr@ryht 525          45                
  2023-01-19 20:38:27 INFO  AppointmentService:63 - 8    eede         dsfr@dwe 74446e       74                
  2023-01-19 20:38:27 INFO  AppointmentService:63 - 9    aakash       aakash@gmail.com 49782        42                
  2023-01-19 20:38:27 INFO  AppointmentService:63 - 10   ramu         vsf@efwef 88225        45                
  2023-01-19 20:38:27 INFO  AppointmentService:63 - 11   Abhi         dsd@daef 452          12                
  2023-01-19 20:38:27 INFO  AppointmentService:63 - 12   Raki         ajsddj@hkwd 45685        45                
  2023-01-19 20:38:27 INFO  AppointmentService:63 - 13   Raki1        kwdnk@kwd 45694        45                
  2023-01-19 20:38:27 INFO  AppointmentService:63 - 14   Erisha       eeria@khksd 123654       45                
  2023-01-19 20:38:27 INFO  AppointmentService:63 - 15   Fdhdhh       hdghdh@gdh 4544         51                
  2023-01-19 20:38:27 INFO  AppointmentService:63 - 16   Dgagdj       sfh@fejk 6364         45                
  2023-01-19 20:38:27 INFO  AppointmentService:63 - 17   Eresha       eresha9992@gmail.com 7337720391   21                
  2023-01-19 20:38:27 INFO  AppointmentService:63 - 18   Fjsdk        gsr@rgsr g525         52                
  2023-01-19 20:39:03 INFO  LoginService:33 - 
Enter Username :
  2023-01-19 20:39:04 INFO  LoginService:35 - 
Enter UserPassword :
  2023-01-19 20:39:06 INFO  LoginService:59 - 
Welcome Recepationist Siri
  2023-01-19 20:39:08 INFO  AppointmentService:63 - 1             RAm efsfs@sd 52236        36                
  2023-01-19 20:39:08 INFO  AppointmentService:63 - 2             ram vhjhv@fghjk 98525        50                
  2023-01-19 20:39:08 INFO  AppointmentService:63 - 3             SAI      ABC 5624         25                
  2023-01-19 20:39:08 INFO  AppointmentService:63 - 4             ram      abc 4562         45                
  2023-01-19 20:39:08 INFO  AppointmentService:63 - 5             ram     sjba 52           42                
  2023-01-19 20:39:08 INFO  AppointmentService:63 - 6             ram   ads@wd 857          45                
  2023-01-19 20:39:08 INFO  AppointmentService:63 - 7              gd hddr@ryht 525          45                
  2023-01-19 20:39:08 INFO  AppointmentService:63 - 8            eede dsfr@dwe 74446e       74                
  2023-01-19 20:39:08 INFO  AppointmentService:63 - 9          aakash aakash@gmail.com 49782        42                
  2023-01-19 20:39:08 INFO  AppointmentService:63 - 10           ramu vsf@efwef 88225        45                
  2023-01-19 20:39:08 INFO  AppointmentService:63 - 11           Abhi dsd@daef 452          12                
  2023-01-19 20:39:08 INFO  AppointmentService:63 - 12           Raki ajsddj@hkwd 45685        45                
  2023-01-19 20:39:08 INFO  AppointmentService:63 - 13          Raki1 kwdnk@kwd 45694        45                
  2023-01-19 20:39:08 INFO  AppointmentService:63 - 14         Erisha eeria@khksd 123654       45                
  2023-01-19 20:39:08 INFO  AppointmentService:63 - 15         Fdhdhh hdghdh@gdh 4544         51                
  2023-01-19 20:39:08 INFO  AppointmentService:63 - 16         Dgagdj sfh@fejk 6364         45                
  2023-01-19 20:39:08 INFO  AppointmentService:63 - 17         Eresha eresha9992@gmail.com 7337720391   21                
  2023-01-19 20:39:08 INFO  AppointmentService:63 - 18          Fjsdk gsr@rgsr g525         52                
  2023-01-19 20:39:46 INFO  LoginService:33 - 
Enter Username :
  2023-01-19 20:39:48 INFO  LoginService:35 - 
Enter UserPassword :
  2023-01-19 20:39:52 INFO  LoginService:59 - 
Welcome Recepationist Siri
  2023-01-19 20:39:53 INFO  AppointmentService:63 - 1    RAm          efsfs@sd 52236        36                
  2023-01-19 20:39:53 INFO  AppointmentService:63 - 2    ram          vhjhv@fghjk 98525        50                
  2023-01-19 20:39:53 INFO  AppointmentService:63 - 3    SAI          ABC      5624         25                
  2023-01-19 20:39:53 INFO  AppointmentService:63 - 4    ram          abc      4562         45                
  2023-01-19 20:39:53 INFO  AppointmentService:63 - 5    ram          sjba     52           42                
  2023-01-19 20:39:53 INFO  AppointmentService:63 - 6    ram          ads@wd   857          45                
  2023-01-19 20:39:53 INFO  AppointmentService:63 - 7    gd           hddr@ryht 525          45                
  2023-01-19 20:39:53 INFO  AppointmentService:63 - 8    eede         dsfr@dwe 74446e       74                
  2023-01-19 20:39:53 INFO  AppointmentService:63 - 9    aakash       aakash@gmail.com 49782        42                
  2023-01-19 20:39:53 INFO  AppointmentService:63 - 10   ramu         vsf@efwef 88225        45                
  2023-01-19 20:39:53 INFO  AppointmentService:63 - 11   Abhi         dsd@daef 452          12                
  2023-01-19 20:39:53 INFO  AppointmentService:63 - 12   Raki         ajsddj@hkwd 45685        45                
  2023-01-19 20:39:53 INFO  AppointmentService:63 - 13   Raki1        kwdnk@kwd 45694        45                
  2023-01-19 20:39:53 INFO  AppointmentService:63 - 14   Erisha       eeria@khksd 123654       45                
  2023-01-19 20:39:53 INFO  AppointmentService:63 - 15   Fdhdhh       hdghdh@gdh 4544         51                
  2023-01-19 20:39:53 INFO  AppointmentService:63 - 16   Dgagdj       sfh@fejk 6364         45                
  2023-01-19 20:39:53 INFO  AppointmentService:63 - 17   Eresha       eresha9992@gmail.com 7337720391   21                
  2023-01-19 20:39:53 INFO  AppointmentService:63 - 18   Fjsdk        gsr@rgsr g525         52                
  2023-01-19 20:40:32 INFO  LoginService:33 - 
Enter Username :
  2023-01-19 20:40:35 INFO  LoginService:35 - 
Enter UserPassword :
  2023-01-19 20:40:39 INFO  LoginService:59 - 
Welcome Recepationist Siri
  2023-01-19 20:40:41 INFO  AppointmentService:63 - 1    RAm          efsfs@sd     52236        36                
  2023-01-19 20:40:41 INFO  AppointmentService:63 - 2    ram          vhjhv@fghjk  98525        50                
  2023-01-19 20:40:41 INFO  AppointmentService:63 - 3    SAI          ABC          5624         25                
  2023-01-19 20:40:41 INFO  AppointmentService:63 - 4    ram          abc          4562         45                
  2023-01-19 20:40:41 INFO  AppointmentService:63 - 5    ram          sjba         52           42                
  2023-01-19 20:40:41 INFO  AppointmentService:63 - 6    ram          ads@wd       857          45                
  2023-01-19 20:40:41 INFO  AppointmentService:63 - 7    gd           hddr@ryht    525          45                
  2023-01-19 20:40:41 INFO  AppointmentService:63 - 8    eede         dsfr@dwe     74446e       74                
  2023-01-19 20:40:41 INFO  AppointmentService:63 - 9    aakash       aakash@gmail.com 49782        42                
  2023-01-19 20:40:41 INFO  AppointmentService:63 - 10   ramu         vsf@efwef    88225        45                
  2023-01-19 20:40:41 INFO  AppointmentService:63 - 11   Abhi         dsd@daef     452          12                
  2023-01-19 20:40:41 INFO  AppointmentService:63 - 12   Raki         ajsddj@hkwd  45685        45                
  2023-01-19 20:40:41 INFO  AppointmentService:63 - 13   Raki1        kwdnk@kwd    45694        45                
  2023-01-19 20:40:41 INFO  AppointmentService:63 - 14   Erisha       eeria@khksd  123654       45                
  2023-01-19 20:40:41 INFO  AppointmentService:63 - 15   Fdhdhh       hdghdh@gdh   4544         51                
  2023-01-19 20:40:41 INFO  AppointmentService:63 - 16   Dgagdj       sfh@fejk     6364         45                
  2023-01-19 20:40:41 INFO  AppointmentService:63 - 17   Eresha       eresha9992@gmail.com 7337720391   21                
  2023-01-19 20:40:41 INFO  AppointmentService:63 - 18   Fjsdk        gsr@rgsr     g525         52                
  2023-01-19 20:41:37 INFO  LoginService:33 - 
Enter Username :
  2023-01-19 20:41:40 INFO  LoginService:35 - 
Enter UserPassword :
  2023-01-19 20:41:43 INFO  LoginService:59 - 
Welcome Recepationist Siri
  2023-01-19 20:41:45 INFO  AppointmentService:63 - 1    RAm          efsfs@sd       52236        36                
  2023-01-19 20:41:45 INFO  AppointmentService:63 - 2    ram          vhjhv@fghjk    98525        50                
  2023-01-19 20:41:45 INFO  AppointmentService:63 - 3    SAI          ABC            5624         25                
  2023-01-19 20:41:45 INFO  AppointmentService:63 - 4    ram          abc            4562         45                
  2023-01-19 20:41:45 INFO  AppointmentService:63 - 5    ram          sjba           52           42                
  2023-01-19 20:41:45 INFO  AppointmentService:63 - 6    ram          ads@wd         857          45                
  2023-01-19 20:41:45 INFO  AppointmentService:63 - 7    gd           hddr@ryht      525          45                
  2023-01-19 20:41:45 INFO  AppointmentService:63 - 8    eede         dsfr@dwe       74446e       74                
  2023-01-19 20:41:45 INFO  AppointmentService:63 - 9    aakash       aakash@gmail.com 49782        42                
  2023-01-19 20:41:45 INFO  AppointmentService:63 - 10   ramu         vsf@efwef      88225        45                
  2023-01-19 20:41:45 INFO  AppointmentService:63 - 11   Abhi         dsd@daef       452          12                
  2023-01-19 20:41:45 INFO  AppointmentService:63 - 12   Raki         ajsddj@hkwd    45685        45                
  2023-01-19 20:41:45 INFO  AppointmentService:63 - 13   Raki1        kwdnk@kwd      45694        45                
  2023-01-19 20:41:45 INFO  AppointmentService:63 - 14   Erisha       eeria@khksd    123654       45                
  2023-01-19 20:41:45 INFO  AppointmentService:63 - 15   Fdhdhh       hdghdh@gdh     4544         51                
  2023-01-19 20:41:45 INFO  AppointmentService:63 - 16   Dgagdj       sfh@fejk       6364         45                
  2023-01-19 20:41:45 INFO  AppointmentService:63 - 17   Eresha       eresha9992@gmail.com 7337720391   21                
  2023-01-19 20:41:45 INFO  AppointmentService:63 - 18   Fjsdk        gsr@rgsr       g525         52                
  2023-01-19 20:42:16 INFO  LoginService:33 - 
Enter Username :
  2023-01-19 20:42:18 INFO  LoginService:35 - 
Enter UserPassword :
  2023-01-19 20:42:22 INFO  LoginService:59 - 
Welcome Recepationist Siri
  2023-01-19 20:42:23 INFO  AppointmentService:63 - 1    RAm          efsfs@sd             52236        36                
  2023-01-19 20:42:23 INFO  AppointmentService:63 - 2    ram          vhjhv@fghjk          98525        50                
  2023-01-19 20:42:23 INFO  AppointmentService:63 - 3    SAI          ABC                  5624         25                
  2023-01-19 20:42:23 INFO  AppointmentService:63 - 4    ram          abc                  4562         45                
  2023-01-19 20:42:23 INFO  AppointmentService:63 - 5    ram          sjba                 52           42                
  2023-01-19 20:42:23 INFO  AppointmentService:63 - 6    ram          ads@wd               857          45                
  2023-01-19 20:42:23 INFO  AppointmentService:63 - 7    gd           hddr@ryht            525          45                
  2023-01-19 20:42:23 INFO  AppointmentService:63 - 8    eede         dsfr@dwe             74446e       74                
  2023-01-19 20:42:23 INFO  AppointmentService:63 - 9    aakash       aakash@gmail.com     49782        42                
  2023-01-19 20:42:23 INFO  AppointmentService:63 - 10   ramu         vsf@efwef            88225        45                
  2023-01-19 20:42:23 INFO  AppointmentService:63 - 11   Abhi         dsd@daef             452          12                
  2023-01-19 20:42:23 INFO  AppointmentService:63 - 12   Raki         ajsddj@hkwd          45685        45                
  2023-01-19 20:42:23 INFO  AppointmentService:63 - 13   Raki1        kwdnk@kwd            45694        45                
  2023-01-19 20:42:23 INFO  AppointmentService:63 - 14   Erisha       eeria@khksd          123654       45                
  2023-01-19 20:42:23 INFO  AppointmentService:63 - 15   Fdhdhh       hdghdh@gdh           4544         51                
  2023-01-19 20:42:23 INFO  AppointmentService:63 - 16   Dgagdj       sfh@fejk             6364         45                
  2023-01-19 20:42:23 INFO  AppointmentService:63 - 17   Eresha       eresha9992@gmail.com 7337720391   21                
  2023-01-19 20:42:23 INFO  AppointmentService:63 - 18   Fjsdk        gsr@rgsr             g525         52                
  2023-01-19 20:44:07 INFO  LoginService:33 - 
Enter Username :
  2023-01-19 20:44:10 INFO  LoginService:35 - 
Enter UserPassword :
  2023-01-19 20:44:13 INFO  LoginService:59 - 
Welcome Recepationist Siri
  2023-01-19 20:44:16 INFO  AppointmentService:62 - ID   Name         Email                Phone        AGE               
  2023-01-19 20:44:16 INFO  AppointmentService:64 - 1    RAm          efsfs@sd             52236        36                
  2023-01-19 20:44:16 INFO  AppointmentService:64 - 2    ram          vhjhv@fghjk          98525        50                
  2023-01-19 20:44:16 INFO  AppointmentService:64 - 3    SAI          ABC                  5624         25                
  2023-01-19 20:44:16 INFO  AppointmentService:64 - 4    ram          abc                  4562         45                
  2023-01-19 20:44:16 INFO  AppointmentService:64 - 5    ram          sjba                 52           42                
  2023-01-19 20:44:16 INFO  AppointmentService:64 - 6    ram          ads@wd               857          45                
  2023-01-19 20:44:16 INFO  AppointmentService:64 - 7    gd           hddr@ryht            525          45                
  2023-01-19 20:44:16 INFO  AppointmentService:64 - 8    eede         dsfr@dwe             74446e       74                
  2023-01-19 20:44:16 INFO  AppointmentService:64 - 9    aakash       aakash@gmail.com     49782        42                
  2023-01-19 20:44:16 INFO  AppointmentService:64 - 10   ramu         vsf@efwef            88225        45                
  2023-01-19 20:44:16 INFO  AppointmentService:64 - 11   Abhi         dsd@daef             452          12                
  2023-01-19 20:44:16 INFO  AppointmentService:64 - 12   Raki         ajsddj@hkwd          45685        45                
  2023-01-19 20:44:16 INFO  AppointmentService:64 - 13   Raki1        kwdnk@kwd            45694        45                
  2023-01-19 20:44:16 INFO  AppointmentService:64 - 14   Erisha       eeria@khksd          123654       45                
  2023-01-19 20:44:16 INFO  AppointmentService:64 - 15   Fdhdhh       hdghdh@gdh           4544         51                
  2023-01-19 20:44:16 INFO  AppointmentService:64 - 16   Dgagdj       sfh@fejk             6364         45                
  2023-01-19 20:44:16 INFO  AppointmentService:64 - 17   Eresha       eresha9992@gmail.com 7337720391   21                
  2023-01-19 20:44:16 INFO  AppointmentService:64 - 18   Fjsdk        gsr@rgsr             g525         52                
  2023-01-19 20:47:08 INFO  AppointmentService:128 - 1    ShirishDeshpande       12      450 MBBS         GeneralPhysician  
  2023-01-19 20:47:08 INFO  AppointmentService:128 - 2    DilipBhurte            24      600 MBBS, MD     orthipadic        
  2023-01-19 20:47:08 INFO  AppointmentService:128 - 3    Shirishvalsangkar      16      500 MBBS MD      Neuro Surgon      
  2023-01-19 20:47:08 INFO  AppointmentService:128 - 4    SaumyaAwasti            5      300 MBBS         Gynacologist      
  2023-01-19 20:47:08 INFO  AppointmentService:128 - 5    VinayTripathi          21      700 MBBS, MD     Ortho Surgeon     
  2023-01-19 20:47:08 INFO  AppointmentService:128 - 6    Niharkale              12      450 MBBS         Psychiatrist      
  2023-01-19 21:19:33 INFO  LoginService:33 - 
Enter Username :
  2023-01-19 21:19:36 INFO  LoginService:35 - 
Enter UserPassword :
  2023-01-19 21:19:39 INFO  LoginService:59 - 
Welcome Recepationist Siri
  2023-01-19 21:19:41 INFO  AppointmentService:62 - ID   Name         Email                Phone        AGE               
  2023-01-19 21:19:41 INFO  AppointmentService:64 - 1    RAm          efsfs@sd             52236        36                
  2023-01-19 21:19:41 INFO  AppointmentService:64 - 2    ram          vhjhv@fghjk          98525        50                
  2023-01-19 21:19:41 INFO  AppointmentService:64 - 3    SAI          ABC                  5624         25                
  2023-01-19 21:19:41 INFO  AppointmentService:64 - 4    ram          abc                  4562         45                
  2023-01-19 21:19:41 INFO  AppointmentService:64 - 5    ram          sjba                 52           42                
  2023-01-19 21:19:41 INFO  AppointmentService:64 - 6    ram          ads@wd               857          45                
  2023-01-19 21:19:41 INFO  AppointmentService:64 - 7    gd           hddr@ryht            525          45                
  2023-01-19 21:19:41 INFO  AppointmentService:64 - 8    eede         dsfr@dwe             74446e       74                
  2023-01-19 21:19:41 INFO  AppointmentService:64 - 9    aakash       aakash@gmail.com     49782        42                
  2023-01-19 21:19:41 INFO  AppointmentService:64 - 10   ramu         vsf@efwef            88225        45                
  2023-01-19 21:19:41 INFO  AppointmentService:64 - 11   Abhi         dsd@daef             452          12                
  2023-01-19 21:19:41 INFO  AppointmentService:64 - 12   Raki         ajsddj@hkwd          45685        45                
  2023-01-19 21:19:41 INFO  AppointmentService:64 - 13   Raki1        kwdnk@kwd            45694        45                
  2023-01-19 21:19:41 INFO  AppointmentService:64 - 14   Erisha       eeria@khksd          123654       45                
  2023-01-19 21:19:41 INFO  AppointmentService:64 - 15   Fdhdhh       hdghdh@gdh           4544         51                
  2023-01-19 21:19:41 INFO  AppointmentService:64 - 16   Dgagdj       sfh@fejk             6364         45                
  2023-01-19 21:19:41 INFO  AppointmentService:64 - 17   Eresha       eresha9992@gmail.com 7337720391   21                
  2023-01-19 21:19:41 INFO  AppointmentService:64 - 18   Fjsdk        gsr@rgsr             g525         52                
  2023-01-19 21:20:43 INFO  AppointmentService:126 - ID   NAME               Experience    Fee     SPECIALITY           SPECIALITY
  2023-01-19 21:20:43 INFO  AppointmentService:129 - 1    ShirishDeshpande           12 450        MBBS           GeneralPhysician
  2023-01-19 21:20:43 INFO  AppointmentService:129 - 2    DilipBhurte                24 600        MBBS, MD             orthipadic
  2023-01-19 21:20:43 INFO  AppointmentService:129 - 3    Shirishvalsangkar          16 500        MBBS MD            Neuro Surgon
  2023-01-19 21:20:43 INFO  AppointmentService:129 - 4    SaumyaAwasti                5 300        MBBS               Gynacologist
  2023-01-19 21:20:43 INFO  AppointmentService:129 - 5    VinayTripathi              21 700        MBBS, MD          Ortho Surgeon
  2023-01-19 21:20:43 INFO  AppointmentService:129 - 6    Niharkale                  12 450        MBBS               Psychiatrist
  2023-01-19 21:20:51 INFO  AppointmentService:226 - ID   NAME               Experience    Fee     SPECIALITY           SPECIALITY
  2023-01-19 21:20:51 INFO  AppointmentService:230 - 1    ShirishDeshpande   12           450          MBBS         GeneralPhysician  
  2023-01-19 21:20:51 INFO  AppointmentService:230 - 2    DilipBhurte        24           600          MBBS, MD     orthipadic        
  2023-01-19 21:20:51 INFO  AppointmentService:230 - 3    Shirishvalsangkar  16           500          MBBS MD      Neuro Surgon      
  2023-01-19 21:20:51 INFO  AppointmentService:230 - 4    SaumyaAwasti       5            300          MBBS         Gynacologist      
  2023-01-19 21:20:51 INFO  AppointmentService:230 - 5    VinayTripathi      21           700          MBBS, MD     Ortho Surgeon     
  2023-01-19 21:20:51 INFO  AppointmentService:230 - 6    Niharkale          12           450          MBBS         Psychiatrist      
  2023-01-19 21:20:56 INFO  AppointmentService:260 - ID   Name      Age    Phone   Gender    Address   Appointment_date      Time_slot   Ailment_Symptoms    Doctor_Name   Doctor_fee       Status
  2023-01-19 21:20:56 INFO  AppointmentService:265 - 2     ram       50    98525        M       gjjh         2023-01-23       '9:30AM'                jgj      Niharkale          450    Conformed
  2023-01-19 21:20:56 INFO  AppointmentService:265 - 14   Erisha       45   123654        M        frf         2023-01-22       '9:30AM'               rgar ShirishDeshpande          450    Conformed
  2023-01-19 21:20:56 INFO  AppointmentService:265 - 3     SAI       25     5624        M        goa         2023-01-24       '9:30AM'                 ds Shirishvalsangkar          500    Conformed
  2023-01-19 21:20:56 INFO  AppointmentService:265 - 15   Fdhdhh       51     4544        M         vd         2023-01-24      '10:30AM'              vsfvf    DilipBhurte          600    Conformed
  2023-01-19 21:20:56 INFO  AppointmentService:265 - 17   Eresha       21 7337720391        M     Mumbai         2023-01-23      '11:00AM'              fever ShirishDeshpande          450    Conformed
  2023-01-19 21:20:56 INFO  AppointmentService:265 - 2     ram       50    98525        M        hyd         2023-01-21      '11:30AM'              cough  VinayTripathi          700    Conformed
  2023-01-19 22:57:14 INFO  LoginService:33 - 
Enter Username :
  2023-01-19 22:57:18 INFO  LoginService:35 - 
Enter UserPassword :
  2023-01-19 22:57:24 INFO  LoginService:59 - 
Welcome Recepationist Siri
  2023-01-19 22:57:29 INFO  AppointmentService:62 - ID   Name         Email                Phone        AGE               
  2023-01-19 22:57:29 INFO  AppointmentService:64 - 1    RAm          efsfs@sd             52236        36                
  2023-01-19 22:57:29 INFO  AppointmentService:64 - 2    ram          vhjhv@fghjk          98525        50                
  2023-01-19 22:57:29 INFO  AppointmentService:64 - 3    SAI          ABC                  5624         25                
  2023-01-19 22:57:29 INFO  AppointmentService:64 - 4    ram          abc                  4562         45                
  2023-01-19 22:57:29 INFO  AppointmentService:64 - 5    ram          sjba                 52           42                
  2023-01-19 22:57:29 INFO  AppointmentService:64 - 6    ram          ads@wd               857          45                
  2023-01-19 22:57:29 INFO  AppointmentService:64 - 7    gd           hddr@ryht            525          45                
  2023-01-19 22:57:29 INFO  AppointmentService:64 - 8    eede         dsfr@dwe             74446e       74                
  2023-01-19 22:57:29 INFO  AppointmentService:64 - 9    aakash       aakash@gmail.com     49782        42                
  2023-01-19 22:57:29 INFO  AppointmentService:64 - 10   ramu         vsf@efwef            88225        45                
  2023-01-19 22:57:29 INFO  AppointmentService:64 - 11   Abhi         dsd@daef             452          12                
  2023-01-19 22:57:29 INFO  AppointmentService:64 - 12   Raki         ajsddj@hkwd          45685        45                
  2023-01-19 22:57:29 INFO  AppointmentService:64 - 13   Raki1        kwdnk@kwd            45694        45                
  2023-01-19 22:57:29 INFO  AppointmentService:64 - 14   Erisha       eeria@khksd          123654       45                
  2023-01-19 22:57:29 INFO  AppointmentService:64 - 15   Fdhdhh       hdghdh@gdh           4544         51                
  2023-01-19 22:57:29 INFO  AppointmentService:64 - 16   Dgagdj       sfh@fejk             6364         45                
  2023-01-19 22:57:29 INFO  AppointmentService:64 - 17   Eresha       eresha9992@gmail.com 7337720391   21                
  2023-01-19 22:57:29 INFO  AppointmentService:64 - 18   Fjsdk        gsr@rgsr             g525         52                
  2023-01-19 22:58:06 INFO  AppointmentService:126 - ID   NAME               Experience    Fee     SPECIALITY           SPECIALITY
  2023-01-19 22:58:06 INFO  AppointmentService:129 - 1    ShirishDeshpande           12 450        MBBS           GeneralPhysician
  2023-01-19 22:58:06 INFO  AppointmentService:129 - 2    DilipBhurte                24 600        MBBS, MD             orthipadic
  2023-01-19 22:58:06 INFO  AppointmentService:129 - 3    Shirishvalsangkar          16 500        MBBS MD            Neuro Surgon
  2023-01-19 22:58:06 INFO  AppointmentService:129 - 4    SaumyaAwasti                5 300        MBBS               Gynacologist
  2023-01-19 22:58:06 INFO  AppointmentService:129 - 5    VinayTripathi              21 700        MBBS, MD          Ortho Surgeon
  2023-01-19 22:58:06 INFO  AppointmentService:129 - 6    Niharkale                  12 450        MBBS               Psychiatrist
  2023-01-19 22:58:17 INFO  LoginService:33 - 
Enter Username :
  2023-01-19 22:58:34 INFO  LoginService:33 - 
Enter Username :
  2023-01-19 22:58:44 INFO  LoginService:35 - 
Enter UserPassword :
  2023-01-19 22:58:51 INFO  LoginService:59 - 
Welcome Recepationist Siri
  2023-01-19 22:58:53 INFO  AppointmentService:62 - ID   Name         Email                Phone        AGE               
  2023-01-19 22:58:53 INFO  AppointmentService:64 - 1    RAm          efsfs@sd             52236        36                
  2023-01-19 22:58:53 INFO  AppointmentService:64 - 2    ram          vhjhv@fghjk          98525        50                
  2023-01-19 22:58:53 INFO  AppointmentService:64 - 3    SAI          ABC                  5624         25                
  2023-01-19 22:58:53 INFO  AppointmentService:64 - 4    ram          abc                  4562         45                
  2023-01-19 22:58:53 INFO  AppointmentService:64 - 5    ram          sjba                 52           42                
  2023-01-19 22:58:53 INFO  AppointmentService:64 - 6    ram          ads@wd               857          45                
  2023-01-19 22:58:53 INFO  AppointmentService:64 - 7    gd           hddr@ryht            525          45                
  2023-01-19 22:58:53 INFO  AppointmentService:64 - 8    eede         dsfr@dwe             74446e       74                
  2023-01-19 22:58:53 INFO  AppointmentService:64 - 9    aakash       aakash@gmail.com     49782        42                
  2023-01-19 22:58:53 INFO  AppointmentService:64 - 10   ramu         vsf@efwef            88225        45                
  2023-01-19 22:58:53 INFO  AppointmentService:64 - 11   Abhi         dsd@daef             452          12                
  2023-01-19 22:58:53 INFO  AppointmentService:64 - 12   Raki         ajsddj@hkwd          45685        45                
  2023-01-19 22:58:53 INFO  AppointmentService:64 - 13   Raki1        kwdnk@kwd            45694        45                
  2023-01-19 22:58:53 INFO  AppointmentService:64 - 14   Erisha       eeria@khksd          123654       45                
  2023-01-19 22:58:53 INFO  AppointmentService:64 - 15   Fdhdhh       hdghdh@gdh           4544         51                
  2023-01-19 22:58:53 INFO  AppointmentService:64 - 16   Dgagdj       sfh@fejk             6364         45                
  2023-01-19 22:58:53 INFO  AppointmentService:64 - 17   Eresha       eresha9992@gmail.com 7337720391   21                
  2023-01-19 22:58:53 INFO  AppointmentService:64 - 18   Fjsdk        gsr@rgsr             g525         52                
  2023-01-19 22:59:09 INFO  AppointmentService:126 - ID   NAME               Experience    Fee     SPECIALITY           SPECIALITY
  2023-01-19 22:59:09 INFO  AppointmentService:129 - 1    ShirishDeshpande           12 450        MBBS           GeneralPhysician
  2023-01-19 22:59:09 INFO  AppointmentService:129 - 2    DilipBhurte                24 600        MBBS, MD             orthipadic
  2023-01-19 22:59:09 INFO  AppointmentService:129 - 3    Shirishvalsangkar          16 500        MBBS MD            Neuro Surgon
  2023-01-19 22:59:09 INFO  AppointmentService:129 - 4    SaumyaAwasti                5 300        MBBS               Gynacologist
  2023-01-19 22:59:09 INFO  AppointmentService:129 - 5    VinayTripathi              21 700        MBBS, MD          Ortho Surgeon
  2023-01-19 22:59:09 INFO  AppointmentService:129 - 6    Niharkale                  12 450        MBBS               Psychiatrist
  2023-01-19 22:59:11 INFO  LoginService:33 - 
Enter Username :
  2023-01-19 23:08:24 INFO  LoginService:33 - 
Enter Username :
  2023-01-19 23:08:26 INFO  LoginService:35 - 
Enter UserPassword :
  2023-01-19 23:08:30 INFO  LoginService:59 - 
Welcome Recepationist Siri
  2023-01-19 23:08:35 INFO  AppointmentService:62 - ID   Name         Email                Phone        AGE               
  2023-01-19 23:08:35 INFO  AppointmentService:64 - 1    RAm          efsfs@sd             52236        36                
  2023-01-19 23:08:35 INFO  AppointmentService:64 - 2    ram          vhjhv@fghjk          98525        50                
  2023-01-19 23:08:35 INFO  AppointmentService:64 - 3    SAI          ABC                  5624         25                
  2023-01-19 23:08:35 INFO  AppointmentService:64 - 4    ram          abc                  4562         45                
  2023-01-19 23:08:35 INFO  AppointmentService:64 - 5    ram          sjba                 52           42                
  2023-01-19 23:08:35 INFO  AppointmentService:64 - 6    ram          ads@wd               857          45                
  2023-01-19 23:08:35 INFO  AppointmentService:64 - 7    gd           hddr@ryht            525          45                
  2023-01-19 23:08:35 INFO  AppointmentService:64 - 8    eede         dsfr@dwe             74446e       74                
  2023-01-19 23:08:35 INFO  AppointmentService:64 - 9    aakash       aakash@gmail.com     49782        42                
  2023-01-19 23:08:35 INFO  AppointmentService:64 - 10   ramu         vsf@efwef            88225        45                
  2023-01-19 23:08:35 INFO  AppointmentService:64 - 11   Abhi         dsd@daef             452          12                
  2023-01-19 23:08:35 INFO  AppointmentService:64 - 12   Raki         ajsddj@hkwd          45685        45                
  2023-01-19 23:08:35 INFO  AppointmentService:64 - 13   Raki1        kwdnk@kwd            45694        45                
  2023-01-19 23:08:35 INFO  AppointmentService:64 - 14   Erisha       eeria@khksd          123654       45                
  2023-01-19 23:08:35 INFO  AppointmentService:64 - 15   Fdhdhh       hdghdh@gdh           4544         51                
  2023-01-19 23:08:35 INFO  AppointmentService:64 - 16   Dgagdj       sfh@fejk             6364         45                
  2023-01-19 23:08:35 INFO  AppointmentService:64 - 17   Eresha       eresha9992@gmail.com 7337720391   21                
  2023-01-19 23:08:35 INFO  AppointmentService:64 - 18   Fjsdk        gsr@rgsr             g525         52                
  2023-01-19 23:08:52 INFO  AppointmentService:126 - ID   NAME               Experience    Fee     SPECIALITY           SPECIALITY
  2023-01-19 23:08:52 INFO  AppointmentService:129 - 1    ShirishDeshpande           12 450        MBBS           GeneralPhysician
  2023-01-19 23:08:52 INFO  AppointmentService:129 - 2    DilipBhurte                24 600        MBBS, MD             orthipadic
  2023-01-19 23:08:52 INFO  AppointmentService:129 - 3    Shirishvalsangkar          16 500        MBBS MD            Neuro Surgon
  2023-01-19 23:08:52 INFO  AppointmentService:129 - 4    SaumyaAwasti                5 300        MBBS               Gynacologist
  2023-01-19 23:08:52 INFO  AppointmentService:129 - 5    VinayTripathi              21 700        MBBS, MD          Ortho Surgeon
  2023-01-19 23:08:52 INFO  AppointmentService:129 - 6    Niharkale                  12 450        MBBS               Psychiatrist
  2023-01-20 00:14:30 INFO  LoginService:33 - 
Enter Username :
  2023-01-20 00:14:42 INFO  LoginService:33 - 
Enter Username :
  2023-01-20 00:15:08 INFO  LoginService:35 - 
Enter UserPassword :
  2023-01-20 00:15:30 INFO  LoginService:59 - 
Welcome Recepationist Siri
  2023-01-20 00:16:30 INFO  LoginService:33 - 
Enter Username :
  2023-01-20 00:23:39 INFO  LoginService:32 - 
Enter Username :
  2023-01-20 00:23:53 INFO  LoginService:34 - 
Enter UserPassword :
  2023-01-20 00:24:00 INFO  LoginService:57 - 
Welcome Recepationist Siri
  2023-01-20 00:29:55 INFO  LoginService:31 - 
Enter Username :
  2023-01-20 00:29:58 INFO  LoginService:33 - 
Enter UserPassword :
  2023-01-20 00:30:01 INFO  LoginService:56 - 
Welcome Recepationist Siri
  2023-01-20 00:30:04 INFO  AppointmentService:225 - ID   NAME               Experience    Fee     SPECIALITY           SPECIALITY
  2023-01-20 00:30:04 INFO  AppointmentService:229 - 1    ShirishDeshpande   12           450          MBBS         GeneralPhysician  
  2023-01-20 00:30:04 INFO  AppointmentService:229 - 2    DilipBhurte        24           600          MBBS, MD     orthipadic        
  2023-01-20 00:30:04 INFO  AppointmentService:229 - 3    Shirishvalsangkar  16           500          MBBS MD      Neuro Surgon      
  2023-01-20 00:30:04 INFO  AppointmentService:229 - 4    SaumyaAwasti       5            300          MBBS         Gynacologist      
  2023-01-20 00:30:04 INFO  AppointmentService:229 - 5    VinayTripathi      21           700          MBBS, MD     Ortho Surgeon     
  2023-01-20 00:30:04 INFO  AppointmentService:229 - 6    Niharkale          12           450          MBBS         Psychiatrist      
  2023-01-20 00:30:08 INFO  AppointmentService:259 - ID   Name      Age    Phone   Gender    Address   Appointment_date      Time_slot   Ailment_Symptoms    Doctor_Name   Doctor_fee       Status
  2023-01-20 00:30:08 INFO  AppointmentService:264 - 10   ramu       45    88225        M        knr         2023-01-24      '11:00AM'              fever  VinayTripathi          700    Conformed
  2023-01-20 00:30:17 INFO  AppointmentService:61 - ID   Name         Email                Phone        AGE               
  2023-01-20 00:30:17 INFO  AppointmentService:63 - 1    RAm          efsfs@sd             52236        36                
  2023-01-20 00:30:17 INFO  AppointmentService:63 - 2    ram          vhjhv@fghjk          98525        50                
  2023-01-20 00:30:17 INFO  AppointmentService:63 - 3    SAI          ABC                  5624         25                
  2023-01-20 00:30:17 INFO  AppointmentService:63 - 4    ram          abc                  4562         45                
  2023-01-20 00:30:17 INFO  AppointmentService:63 - 5    ram          sjba                 52           42                
  2023-01-20 00:30:17 INFO  AppointmentService:63 - 6    ram          ads@wd               857          45                
  2023-01-20 00:30:17 INFO  AppointmentService:63 - 7    gd           hddr@ryht            525          45                
  2023-01-20 00:30:17 INFO  AppointmentService:63 - 8    eede         dsfr@dwe             74446e       74                
  2023-01-20 00:30:17 INFO  AppointmentService:63 - 9    aakash       aakash@gmail.com     49782        42                
  2023-01-20 00:30:17 INFO  AppointmentService:63 - 10   ramu         vsf@efwef            88225        45                
  2023-01-20 00:30:17 INFO  AppointmentService:63 - 11   Abhi         dsd@daef             452          12                
  2023-01-20 00:30:17 INFO  AppointmentService:63 - 12   Raki         ajsddj@hkwd          45685        45                
  2023-01-20 00:30:17 INFO  AppointmentService:63 - 13   Raki1        kwdnk@kwd            45694        45                
  2023-01-20 00:30:17 INFO  AppointmentService:63 - 14   Erisha       eeria@khksd          123654       45                
  2023-01-20 00:30:17 INFO  AppointmentService:63 - 15   Fdhdhh       hdghdh@gdh           4544         51                
  2023-01-20 00:30:17 INFO  AppointmentService:63 - 16   Dgagdj       sfh@fejk             6364         45                
  2023-01-20 00:30:17 INFO  AppointmentService:63 - 17   Eresha       eresha9992@gmail.com 7337720391   21                
  2023-01-20 00:30:17 INFO  AppointmentService:63 - 18   Fjsdk        gsr@rgsr             g525         52                
  2023-01-20 00:30:28 INFO  AppointmentService:125 - ID   NAME               Experience    Fee     SPECIALITY           SPECIALITY
  2023-01-20 00:30:28 INFO  AppointmentService:128 - 1    ShirishDeshpande           12 450        MBBS           GeneralPhysician
  2023-01-20 00:30:28 INFO  AppointmentService:128 - 2    DilipBhurte                24 600        MBBS, MD             orthipadic
  2023-01-20 00:30:28 INFO  AppointmentService:128 - 3    Shirishvalsangkar          16 500        MBBS MD            Neuro Surgon
  2023-01-20 00:30:28 INFO  AppointmentService:128 - 4    SaumyaAwasti                5 300        MBBS               Gynacologist
  2023-01-20 00:30:28 INFO  AppointmentService:128 - 5    VinayTripathi              21 700        MBBS, MD          Ortho Surgeon
  2023-01-20 00:30:28 INFO  AppointmentService:128 - 6    Niharkale                  12 450        MBBS               Psychiatrist
  2023-01-20 00:37:09 INFO  LoginService:31 - 
Enter Username :
  2023-01-20 00:37:20 INFO  LoginService:33 - 
Enter UserPassword :
  2023-01-20 00:37:32 INFO  LoginService:56 - 
Welcome Recepationist Siri
  2023-01-20 00:46:51 INFO  LoginService:31 - 
Enter Username :
  2023-01-20 00:46:58 INFO  LoginService:33 - 
Enter UserPassword :
  2023-01-20 00:47:01 INFO  LoginService:58 - 
Welcome Recepationist Siri
  2023-01-20 00:47:09 INFO  AppointmentService:225 - ID   NAME               Experience    Fee     SPECIALITY           SPECIALITY
  2023-01-20 00:47:09 INFO  AppointmentService:229 - 1    ShirishDeshpande   12           450          MBBS         GeneralPhysician  
  2023-01-20 00:47:09 INFO  AppointmentService:229 - 2    DilipBhurte        24           600          MBBS, MD     orthipadic        
  2023-01-20 00:47:09 INFO  AppointmentService:229 - 3    Shirishvalsangkar  16           500          MBBS MD      Neuro Surgon      
  2023-01-20 00:47:09 INFO  AppointmentService:229 - 4    SaumyaAwasti       5            300          MBBS         Gynacologist      
  2023-01-20 00:47:09 INFO  AppointmentService:229 - 5    VinayTripathi      21           700          MBBS, MD     Ortho Surgeon     
  2023-01-20 00:47:09 INFO  AppointmentService:229 - 6    Niharkale          12           450          MBBS         Psychiatrist      
  2023-01-20 01:05:55 INFO  LoginService:31 - 
Enter Username :
  2023-01-20 01:05:58 INFO  LoginService:33 - 
Enter UserPassword :
  2023-01-20 01:06:02 INFO  LoginService:58 - 
Welcome Recepationist Siri
  2023-01-20 01:07:13 INFO  AppointmentService:225 - ID   NAME               Experience    Fee     SPECIALITY           SPECIALITY
  2023-01-20 01:07:13 INFO  AppointmentService:229 - 1    ShirishDeshpande   12           450          MBBS         GeneralPhysician  
  2023-01-20 01:07:13 INFO  AppointmentService:229 - 2    DilipBhurte        24           600          MBBS, MD     orthipadic        
  2023-01-20 01:07:13 INFO  AppointmentService:229 - 3    Shirishvalsangkar  16           500          MBBS MD      Neuro Surgon      
  2023-01-20 01:07:13 INFO  AppointmentService:229 - 4    SaumyaAwasti       5            300          MBBS         Gynacologist      
  2023-01-20 01:07:13 INFO  AppointmentService:229 - 5    VinayTripathi      21           700          MBBS, MD     Ortho Surgeon     
  2023-01-20 01:07:13 INFO  AppointmentService:229 - 6    Niharkale          12           450          MBBS         Psychiatrist      
  2023-01-20 01:15:24 INFO  LoginService:31 - 
Enter Username :
  2023-01-20 01:15:31 INFO  LoginService:33 - 
Enter UserPassword :
  2023-01-20 01:15:35 INFO  LoginService:58 - 
Welcome Recepationist Siri
  2023-01-20 01:16:00 INFO  LoginService:31 - 
Enter Username :
  2023-01-20 01:16:07 INFO  LoginService:33 - 
Enter UserPassword :
  2023-01-20 01:16:12 INFO  LoginService:58 - 
Welcome Recepationist Siri
  2023-01-20 01:16:13 INFO  AppointmentService:227 - ID   NAME               Experience    Fee     SPECIALITY           SPECIALITY
  2023-01-20 01:16:13 INFO  AppointmentService:231 - 1    ShirishDeshpande   12           450          MBBS         GeneralPhysician  
  2023-01-20 01:16:13 INFO  AppointmentService:231 - 2    DilipBhurte        24           600          MBBS, MD     orthipadic        
  2023-01-20 01:16:13 INFO  AppointmentService:231 - 3    Shirishvalsangkar  16           500          MBBS MD      Neuro Surgon      
  2023-01-20 01:16:13 INFO  AppointmentService:231 - 4    SaumyaAwasti       5            300          MBBS         Gynacologist      
  2023-01-20 01:16:13 INFO  AppointmentService:231 - 5    VinayTripathi      21           700          MBBS, MD     Ortho Surgeon     
  2023-01-20 01:16:13 INFO  AppointmentService:231 - 6    Niharkale          12           450          MBBS         Psychiatrist      
  2023-01-20 01:18:25 INFO  LoginService:31 - 
Enter Username :
  2023-01-20 01:18:34 INFO  LoginService:33 - 
Enter UserPassword :
  2023-01-20 01:18:38 INFO  LoginService:58 - 
Welcome Recepationist Siri
  2023-01-20 01:18:40 INFO  AppointmentService:227 - ID   NAME               Experience    Fee     SPECIALITY           SPECIALITY
  2023-01-20 01:18:40 INFO  AppointmentService:231 - 1    ShirishDeshpande   12           450          MBBS         GeneralPhysician  
  2023-01-20 01:18:40 INFO  AppointmentService:231 - 2    DilipBhurte        24           600          MBBS, MD     orthipadic        
  2023-01-20 01:18:40 INFO  AppointmentService:231 - 3    Shirishvalsangkar  16           500          MBBS MD      Neuro Surgon      
  2023-01-20 01:18:40 INFO  AppointmentService:231 - 4    SaumyaAwasti       5            300          MBBS         Gynacologist      
  2023-01-20 01:18:40 INFO  AppointmentService:231 - 5    VinayTripathi      21           700          MBBS, MD     Ortho Surgeon     
  2023-01-20 01:18:40 INFO  AppointmentService:231 - 6    Niharkale          12           450          MBBS         Psychiatrist      
  2023-01-20 01:19:02 INFO  LoginService:31 - 
Enter Username :
  2023-01-20 01:19:09 INFO  LoginService:33 - 
Enter UserPassword :
  2023-01-20 01:19:13 INFO  LoginService:58 - 
Welcome Recepationist Siri
  2023-01-20 01:19:36 INFO  LoginService:31 - 
Enter Username :
  2023-01-20 01:19:57 INFO  LoginService:33 - 
Enter UserPassword :
  2023-01-20 01:20:02 INFO  LoginService:58 - 
Welcome Recepationist Siri
  2023-01-20 01:20:28 INFO  AppointmentService:262 - ID   Name      Age    Phone   Gender    Address   Appointment_date      Time_slot   Ailment_Symptoms    Doctor_Name   Doctor_fee       Status
  2023-01-20 01:20:28 INFO  AppointmentService:267 - 10   ramu       45    88225        M        knr         2023-01-24      '11:00AM'              fever  VinayTripathi          700    Conformed
  2023-01-20 01:20:28 INFO  AppointmentService:267 - 10   ramu       45    88225        M      fsrfc         2023-01-24       '9:30AM'              fever      Niharkale          450    Conformed
  2023-01-20 01:28:00 INFO  LoginService:31 - 
Enter Username :
  2023-01-20 01:28:02 INFO  LoginService:33 - 
Enter UserPassword :
  2023-01-20 01:28:06 INFO  LoginService:58 - 
Welcome Recepationist Siri
  2023-01-20 01:28:10 INFO  AppointmentService:229 - ID   NAME               Experience    Fee     SPECIALITY           SPECIALITY
  2023-01-20 01:28:10 INFO  AppointmentService:233 - 1    ShirishDeshpande   12           450          MBBS         GeneralPhysician  
  2023-01-20 01:28:10 INFO  AppointmentService:233 - 2    DilipBhurte        24           600          MBBS, MD     orthipadic        
  2023-01-20 01:28:10 INFO  AppointmentService:233 - 3    Shirishvalsangkar  16           500          MBBS MD      Neuro Surgon      
  2023-01-20 01:28:10 INFO  AppointmentService:233 - 4    SaumyaAwasti       5            300          MBBS         Gynacologist      
  2023-01-20 01:28:10 INFO  AppointmentService:233 - 5    VinayTripathi      21           700          MBBS, MD     Ortho Surgeon     
  2023-01-20 01:28:10 INFO  AppointmentService:233 - 6    Niharkale          12           450          MBBS         Psychiatrist      
  2023-01-20 01:30:43 INFO  LoginService:31 - 
Enter Username :
  2023-01-20 01:30:52 INFO  LoginService:33 - 
Enter UserPassword :
  2023-01-20 01:30:54 INFO  LoginService:31 - 
Enter Username :
  2023-01-20 01:30:56 INFO  LoginService:33 - 
Enter UserPassword :
  2023-01-20 01:30:59 INFO  LoginService:58 - 
Welcome Recepationist Siri
  2023-01-20 01:31:15 INFO  AppointmentService:227 - ID   NAME               Experience    Fee     SPECIALITY           SPECIALITY
  2023-01-20 01:31:15 INFO  AppointmentService:231 - 1    ShirishDeshpande   12           450          MBBS         GeneralPhysician  
  2023-01-20 01:31:15 INFO  AppointmentService:231 - 2    DilipBhurte        24           600          MBBS, MD     orthipadic        
  2023-01-20 01:31:15 INFO  AppointmentService:231 - 3    Shirishvalsangkar  16           500          MBBS MD      Neuro Surgon      
  2023-01-20 01:31:15 INFO  AppointmentService:231 - 4    SaumyaAwasti       5            300          MBBS         Gynacologist      
  2023-01-20 01:31:15 INFO  AppointmentService:231 - 5    VinayTripathi      21           700          MBBS, MD     Ortho Surgeon     
  2023-01-20 01:31:15 INFO  AppointmentService:231 - 6    Niharkale          12           450          MBBS         Psychiatrist      
  2023-01-20 01:38:05 INFO  LoginService:31 - 
Enter Username :
  2023-01-20 01:38:13 INFO  LoginService:33 - 
Enter UserPassword :
  2023-01-20 01:38:17 INFO  LoginService:58 - 
Welcome Recepationist Siri
  2023-01-20 01:38:21 INFO  AppointmentService:227 - ID   NAME               Experience    Fee     SPECIALITY           SPECIALITY
  2023-01-20 01:38:21 INFO  AppointmentService:231 - 1    ShirishDeshpande   12           450          MBBS         GeneralPhysician  
  2023-01-20 01:38:21 INFO  AppointmentService:231 - 2    DilipBhurte        24           600          MBBS, MD     orthipadic        
  2023-01-20 01:38:21 INFO  AppointmentService:231 - 3    Shirishvalsangkar  16           500          MBBS MD      Neuro Surgon      
  2023-01-20 01:38:21 INFO  AppointmentService:231 - 4    SaumyaAwasti       5            300          MBBS         Gynacologist      
  2023-01-20 01:38:21 INFO  AppointmentService:231 - 5    VinayTripathi      21           700          MBBS, MD     Ortho Surgeon     
  2023-01-20 01:38:21 INFO  AppointmentService:231 - 6    Niharkale          12           450          MBBS         Psychiatrist      
  2023-01-20 01:48:32 INFO  LoginService:30 - 
Enter Username :
  2023-01-20 01:48:35 INFO  LoginService:32 - 
Enter UserPassword :
  2023-01-20 01:48:37 INFO  LoginService:57 - 
Welcome Recepationist Siri
  2023-01-20 01:48:40 INFO  AppointmentService:227 - ID   NAME               Experience    Fee     SPECIALITY           SPECIALITY
  2023-01-20 01:48:40 INFO  AppointmentService:231 - 1    ShirishDeshpande   12           450          MBBS         GeneralPhysician  
  2023-01-20 01:48:40 INFO  AppointmentService:231 - 2    DilipBhurte        24           600          MBBS, MD     orthipadic        
  2023-01-20 01:48:40 INFO  AppointmentService:231 - 3    Shirishvalsangkar  16           500          MBBS MD      Neuro Surgon      
  2023-01-20 01:48:40 INFO  AppointmentService:231 - 4    SaumyaAwasti       5            300          MBBS         Gynacologist      
  2023-01-20 01:48:40 INFO  AppointmentService:231 - 5    VinayTripathi      21           700          MBBS, MD     Ortho Surgeon     
  2023-01-20 01:48:40 INFO  AppointmentService:231 - 6    Niharkale          12           450          MBBS         Psychiatrist      
  2023-01-20 01:48:43 INFO  AppointmentService:262 - ID   Name      Age    Phone   Gender    Address   Appointment_date      Time_slot   Ailment_Symptoms    Doctor_Name   Doctor_fee       Status
  2023-01-20 01:48:43 INFO  AppointmentService:267 - 10   ramu       45    88225        M        knr         2023-01-24      '11:00AM'              fever  VinayTripathi          700    Conformed
  2023-01-20 01:48:43 INFO  AppointmentService:267 - 10   ramu       45    88225        M      fsrfc         2023-01-24       '9:30AM'              fever      Niharkale          450    Conformed
  2023-01-20 01:48:48 INFO  AppointmentService:62 - ID   Name         Email                Phone        AGE               
  2023-01-20 01:48:48 INFO  AppointmentService:64 - 1    RAm          efsfs@sd             52236        36                
  2023-01-20 01:48:48 INFO  AppointmentService:64 - 2    ram          vhjhv@fghjk          98525        50                
  2023-01-20 01:48:48 INFO  AppointmentService:64 - 3    SAI          ABC                  5624         25                
  2023-01-20 01:48:48 INFO  AppointmentService:64 - 4    ram          abc                  4562         45                
  2023-01-20 01:48:48 INFO  AppointmentService:64 - 5    ram          sjba                 52           42                
  2023-01-20 01:48:48 INFO  AppointmentService:64 - 6    ram          ads@wd               857          45                
  2023-01-20 01:48:48 INFO  AppointmentService:64 - 7    gd           hddr@ryht            525          45                
  2023-01-20 01:48:48 INFO  AppointmentService:64 - 8    eede         dsfr@dwe             74446e       74                
  2023-01-20 01:48:48 INFO  AppointmentService:64 - 9    aakash       aakash@gmail.com     49782        42                
  2023-01-20 01:48:48 INFO  AppointmentService:64 - 10   ramu         vsf@efwef            88225        45                
  2023-01-20 01:48:48 INFO  AppointmentService:64 - 11   Abhi         dsd@daef             452          12                
  2023-01-20 01:48:48 INFO  AppointmentService:64 - 12   Raki         ajsddj@hkwd          45685        45                
  2023-01-20 01:48:48 INFO  AppointmentService:64 - 13   Raki1        kwdnk@kwd            45694        45                
  2023-01-20 01:48:48 INFO  AppointmentService:64 - 14   Erisha       eeria@khksd          123654       45                
  2023-01-20 01:48:48 INFO  AppointmentService:64 - 15   Fdhdhh       hdghdh@gdh           4544         51                
  2023-01-20 01:48:48 INFO  AppointmentService:64 - 16   Dgagdj       sfh@fejk             6364         45                
  2023-01-20 01:48:48 INFO  AppointmentService:64 - 17   Eresha       eresha9992@gmail.com 7337720391   21                
  2023-01-20 01:48:48 INFO  AppointmentService:64 - 18   Fjsdk        gsr@rgsr             g525         52                
  2023-01-20 01:49:05 INFO  AppointmentService:126 - ID   NAME               Experience    Fee     SPECIALITY           SPECIALITY
  2023-01-20 01:49:05 INFO  AppointmentService:129 - 1    ShirishDeshpande           12 450        MBBS           GeneralPhysician
  2023-01-20 01:49:05 INFO  AppointmentService:129 - 2    DilipBhurte                24 600        MBBS, MD             orthipadic
  2023-01-20 01:49:05 INFO  AppointmentService:129 - 3    Shirishvalsangkar          16 500        MBBS MD            Neuro Surgon
  2023-01-20 01:49:05 INFO  AppointmentService:129 - 4    SaumyaAwasti                5 300        MBBS               Gynacologist
  2023-01-20 01:49:05 INFO  AppointmentService:129 - 5    VinayTripathi              21 700        MBBS, MD          Ortho Surgeon
  2023-01-20 01:49:05 INFO  AppointmentService:129 - 6    Niharkale                  12 450        MBBS               Psychiatrist
  2023-01-20 01:54:42 INFO  LoginService:30 - 
Enter Username :
  2023-01-20 01:54:43 INFO  LoginService:32 - 
Enter UserPassword :
  2023-01-20 01:54:46 INFO  LoginService:57 - 
Welcome Recepationist Siri
  2023-01-20 01:54:56 INFO  LoginService:30 - 
Enter Username :
  2023-01-20 01:55:00 INFO  LoginService:32 - 
Enter UserPassword :
  2023-01-20 01:55:04 INFO  LoginService:57 - 
Welcome Recepationist Siri
  2023-01-20 01:55:18 INFO  AppointmentService:227 - ID   NAME               Experience    Fee     SPECIALITY           SPECIALITY
  2023-01-20 01:55:18 INFO  AppointmentService:231 - 1    ShirishDeshpande   12           450          MBBS         GeneralPhysician  
  2023-01-20 01:55:18 INFO  AppointmentService:231 - 2    DilipBhurte        24           600          MBBS, MD     orthipadic        
  2023-01-20 01:55:18 INFO  AppointmentService:231 - 3    Shirishvalsangkar  16           500          MBBS MD      Neuro Surgon      
  2023-01-20 01:55:18 INFO  AppointmentService:231 - 4    SaumyaAwasti       5            300          MBBS         Gynacologist      
  2023-01-20 01:55:18 INFO  AppointmentService:231 - 5    VinayTripathi      21           700          MBBS, MD     Ortho Surgeon     
  2023-01-20 01:55:18 INFO  AppointmentService:231 - 6    Niharkale          12           450          MBBS         Psychiatrist      
  